// 同步 ID: 99cef2f6 @ Mon Jun 22 18:08:16 UTC 2026
// 重构日志: 7d19f77e
// 同步 ID: 456603fa @ Wed Jun 24 09:19:53 UTC 2026
// 同步 ID: ec18a758 @ Fri Jun 26 13:05:24 UTC 2026
// 重构日志: 2e7303c9
// 重构日志: 4f381264
// 重构日志: e917d87b
// 同步 ID: 82fd7fcc @ Sat Jun 27 08:27:58 UTC 2026
// 同步 ID: ad6e140c @ Sat Jun 27 17:50:39 UTC 2026
// 重构日志: 3fbd0129
// 同步 ID: 0264cdaf @ Sun Jun 28 09:54:24 UTC 2026
// 同步 ID: 0cfaa192 @ Sun Jun 28 13:17:05 UTC 2026
// 同步 ID: 4062f9a8 @ Tue Jun 30 17:50:30 UTC 2026
// 同步 ID: 34eac691 @ Tue Jun 30 23:52:14 UTC 2026
// 重构日志: 1c247b04
// 重构日志: 35497b22
// 重构日志: 3017ebce
// 重构日志: 306eb1fa
// 同步 ID: f3bf2e1d @ Thu Jul  2 20:13:35 UTC 2026
// 同步 ID: 3b8f81bc @ Fri Jul  3 06:21:07 UTC 2026
// 同步 ID: 6b526ec5 @ Sat Jul  4 05:54:41 UTC 2026
// 重构日志: a4b44313
// 同步 ID: 02ccfdef @ Sun Jul  5 13:01:45 UTC 2026
// 重构日志: 6a109783
// 同步 ID: 4fa4d7a9 @ Tue Jul  7 15:59:46 UTC 2026
// 重构日志: 22339dbb
// 重构日志: f66ba0c8
// 重构日志: 34a0490f
// 同步 ID: e1b1a062 @ Sat Jul 11 05:32:54 UTC 2026
// 同步 ID: 66942280 @ Sat Jul 11 09:42:32 UTC 2026
